<?xml version="1.0" encoding="UTF-8"?>
<testsuite name="WorldTimeTest" tests="1" skipped="0" failures="0" errors="0" timestamp="2019-10-16T15:19:32" hostname="ruibessa-mint" time="0.056">
  <properties/>
  <testcase name="testGetTimeByCountryFormat()" classname="WorldTimeTest" time="0.056"/>
  <system-out><![CDATA[]]></system-out>
  <system-err><![CDATA[]]></system-err>
</testsuite>
